[0518/193607.838:INFO:CONSOLE(1)] "Uncaught ReferenceError: start is not defined", source: file:///C:/Program%20Files%20(x86)/Google/Chrome/Application/81.0.4044.138/ (1)
[0518/193607.839:INFO:CONSOLE(2)] "Uncaught ReferenceError: onHasParentDirectory is not defined", source: file:///C:/Program%20Files%20(x86)/Google/Chrome/Application/81.0.4044.138/ (2)
[0518/193607.839:INFO:CONSOLE(3)] "Uncaught ReferenceError: addRow is not defined", source: file:///C:/Program%20Files%20(x86)/Google/Chrome/Application/81.0.4044.138/ (3)
[0518/193607.839:INFO:CONSOLE(4)] "Uncaught ReferenceError: addRow is not defined", source: file:///C:/Program%20Files%20(x86)/Google/Chrome/Application/81.0.4044.138/ (4)
[0518/193607.840:INFO:CONSOLE(5)] "Uncaught ReferenceError: addRow is not defined", source: file:///C:/Program%20Files%20(x86)/Google/Chrome/Application/81.0.4044.138/ (5)
[0518/193607.840:INFO:CONSOLE(6)] "Uncaught ReferenceError: addRow is not defined", source: file:///C:/Program%20Files%20(x86)/Google/Chrome/Application/81.0.4044.138/ (6)
[0518/193607.840:INFO:CONSOLE(7)] "Uncaught ReferenceError: addRow is not defined", source: file:///C:/Program%20Files%20(x86)/Google/Chrome/Application/81.0.4044.138/ (7)
[0518/193607.840:INFO:CONSOLE(8)] "Uncaught ReferenceError: addRow is not defined", source: file:///C:/Program%20Files%20(x86)/Google/Chrome/Application/81.0.4044.138/ (8)
[0518/193607.840:INFO:CONSOLE(9)] "Uncaught ReferenceError: addRow is not defined", source: file:///C:/Program%20Files%20(x86)/Google/Chrome/Application/81.0.4044.138/ (9)
[0518/193607.840:INFO:CONSOLE(10)] "Uncaught ReferenceError: addRow is not defined", source: file:///C:/Program%20Files%20(x86)/Google/Chrome/Application/81.0.4044.138/ (10)
[0518/193607.841:INFO:CONSOLE(11)] "Uncaught ReferenceError: addRow is not defined", source: file:///C:/Program%20Files%20(x86)/Google/Chrome/Application/81.0.4044.138/ (11)
[0518/193607.841:INFO:CONSOLE(12)] "Uncaught ReferenceError: addRow is not defined", source: file:///C:/Program%20Files%20(x86)/Google/Chrome/Application/81.0.4044.138/ (12)
[0518/193607.841:INFO:CONSOLE(13)] "Uncaught ReferenceError: addRow is not defined", source: file:///C:/Program%20Files%20(x86)/Google/Chrome/Application/81.0.4044.138/ (13)
[0518/193607.842:INFO:CONSOLE(14)] "Uncaught ReferenceError: addRow is not defined", source: file:///C:/Program%20Files%20(x86)/Google/Chrome/Application/81.0.4044.138/ (14)
[0518/193607.842:INFO:CONSOLE(15)] "Uncaught ReferenceError: addRow is not defined", source: file:///C:/Program%20Files%20(x86)/Google/Chrome/Application/81.0.4044.138/ (15)
[0518/193607.842:INFO:CONSOLE(16)] "Uncaught ReferenceError: addRow is not defined", source: file:///C:/Program%20Files%20(x86)/Google/Chrome/Application/81.0.4044.138/ (16)
[0518/193607.842:INFO:CONSOLE(17)] "Uncaught ReferenceError: addRow is not defined", source: file:///C:/Program%20Files%20(x86)/Google/Chrome/Application/81.0.4044.138/ (17)
[0518/193607.843:INFO:CONSOLE(18)] "Uncaught ReferenceError: addRow is not defined", source: file:///C:/Program%20Files%20(x86)/Google/Chrome/Application/81.0.4044.138/ (18)
[0518/193607.843:INFO:CONSOLE(19)] "Uncaught ReferenceError: addRow is not defined", source: file:///C:/Program%20Files%20(x86)/Google/Chrome/Application/81.0.4044.138/ (19)
[0518/193607.843:INFO:CONSOLE(20)] "Uncaught ReferenceError: addRow is not defined", source: file:///C:/Program%20Files%20(x86)/Google/Chrome/Application/81.0.4044.138/ (20)
[0518/193607.843:INFO:CONSOLE(21)] "Uncaught ReferenceError: addRow is not defined", source: file:///C:/Program%20Files%20(x86)/Google/Chrome/Application/81.0.4044.138/ (21)
[0518/193607.844:INFO:CONSOLE(22)] "Uncaught ReferenceError: addRow is not defined", source: file:///C:/Program%20Files%20(x86)/Google/Chrome/Application/81.0.4044.138/ (22)
[0518/193607.844:INFO:CONSOLE(23)] "Uncaught ReferenceError: addRow is not defined", source: file:///C:/Program%20Files%20(x86)/Google/Chrome/Application/81.0.4044.138/ (23)
[0518/193607.844:INFO:CONSOLE(24)] "Uncaught ReferenceError: addRow is not defined", source: file:///C:/Program%20Files%20(x86)/Google/Chrome/Application/81.0.4044.138/ (24)
[0518/193607.844:INFO:CONSOLE(25)] "Uncaught ReferenceError: addRow is not defined", source: file:///C:/Program%20Files%20(x86)/Google/Chrome/Application/81.0.4044.138/ (25)
[0518/193607.844:INFO:CONSOLE(26)] "Uncaught ReferenceError: addRow is not defined", source: file:///C:/Program%20Files%20(x86)/Google/Chrome/Application/81.0.4044.138/ (26)
[0518/193607.845:INFO:CONSOLE(27)] "Uncaught ReferenceError: addRow is not defined", source: file:///C:/Program%20Files%20(x86)/Google/Chrome/Application/81.0.4044.138/ (27)
[0518/193607.845:INFO:CONSOLE(28)] "Uncaught ReferenceError: addRow is not defined", source: file:///C:/Program%20Files%20(x86)/Google/Chrome/Application/81.0.4044.138/ (28)
[0518/193741.042:WARNING:dns_config_service_win.cc(672)] Failed to read DnsConfig.
[0518/193752.934:WARNING:dns_config_service_win.cc(672)] Failed to read DnsConfig.
[0518/193756.463:WARNING:dns_config_service_win.cc(672)] Failed to read DnsConfig.
[0518/193757.943:WARNING:dns_config_service_win.cc(672)] Failed to read DnsConfig.
[0518/200330.711:WARNING:dns_config_service_win.cc(672)] Failed to read DnsConfig.
[0518/201023.598:INFO:CONSOLE(1590)] "WebSocket is already in CLOSING or CLOSED state.", source: https://gc.kis.v2.scr.kaspersky-labs.com/FD126C42-EBFA-4E12-B309-BB3FDD723AC1/main.js?attr=xD36QkDySvhGhXr17dutUKu5q5Eh1pn1l6q1sGMYsMdoebIcdomyFlgt7R2neogJ (1590)
[0518/201023.598:INFO:CONSOLE(1590)] "WebSocket is already in CLOSING or CLOSED state.", source: https://gc.kis.v2.scr.kaspersky-labs.com/FD126C42-EBFA-4E12-B309-BB3FDD723AC1/main.js?attr=xD36QkDySvhGhXr17dutUKu5q5Eh1pn1l6q1sGMYsMdoebIcdomyFlgt7R2neogJ (1590)
[0518/201023.833:INFO:CONSOLE(1462)] "WebSocket connection to 'wss://gc.kis.v2.scr.kaspersky-labs.com/7D8B79A2-8974-4D7B-A76A-F4F29624C06BF-FW6hxkxK7pQxqEp9No2DfLoouKBhYgEraD0miSWUIN1ihOwQa2Hii7898cBD0DuDGJpPCx9Ft5g4Feu2a7kA/websocket?url=https%3A%2F%2Fweb.whatsapp.com%2F&nocache=1589843423829' failed: Error in connection establishment: net::ERR_NETWORK_IO_SUSPENDED", source: https://gc.kis.v2.scr.kaspersky-labs.com/FD126C42-EBFA-4E12-B309-BB3FDD723AC1/main.js?attr=xD36QkDySvhGhXr17dutUKu5q5Eh1pn1l6q1sGMYsMdoebIcdomyFlgt7R2neogJ (1462)
